#
# There is insufficient memory for the Java Runtime Environment to continue.
# Native memory allocation (malloc) failed to allocate 40976 bytes. Error detail: Chunk::new
# Possible reasons:
#   The system is out of physical RAM or swap space
#   This process is running with CompressedOops enabled, and the Java Heap may be blocking the growth of the native heap
# Possible solutions:
#   Reduce memory load on the system
#   Increase physical memory or swap space
#   Check if swap backing store is full
#   Decrease Java heap size (-Xmx/-Xms)
#   Decrease number of Java threads
#   Decrease Java thread stack sizes (-Xss)
#   Set larger code cache with -XX:ReservedCodeCacheSize=
#   JVM is running with Unscaled Compressed Oops mode in which the Java heap is
#     placed in the first 4GB address space. The Java Heap base address is the
#     maximum limit for the native heap growth. Please use -XX:HeapBaseMinAddress
#     to set the Java Heap base and to place the Java Heap above 4GB virtual address.
# This output file may be truncated or incomplete.
#
#  Out of Memory Error (arena.cpp:168), pid=5668, tid=14256
#
# JRE version: OpenJDK Runtime Environment Temurin-21.0.10+7 (21.0.10+7) (build 21.0.10+7-LTS)
# Java VM: OpenJDK 64-Bit Server VM Temurin-21.0.10+7 (21.0.10+7-LTS, mixed mode, sharing, tiered, compressed oops, compressed class ptrs, parallel gc, windows-amd64)
# No core dump will be written. Minidumps are not enabled by default on client versions of Windows
#

---------------  S U M M A R Y ------------

Command Line: --add-modules=ALL-SYSTEM --add-opens=java.base/java.util=ALL-UNNAMED --add-opens=java.base/java.lang=ALL-UNNAMED --add-opens=java.base/sun.nio.fs=ALL-UNNAMED -Declipse.application=org.eclipse.jdt.ls.core.id1 -Dosgi.bundles.defaultStartLevel=4 -Declipse.product=org.eclipse.jdt.ls.core.product -Djava.import.generatesMetadataFilesAtProjectRoot=false -DDetectVMInstallationsJob.disabled=true -Dfile.encoding=utf8 -XX:+UseParallelGC -XX:GCTimeRatio=4 -XX:AdaptiveSizePolicyWeight=90 -Dsun.zip.disableMemoryMapping=true -Xmx2G -Xms100m -Xlog:disable -javaagent:c:\Users\segun\.antigravity-ide\extensions\redhat.java-1.54.0-win32-x64\lombok\lombok-1.18.39-4050.jar -XX:+HeapDumpOnOutOfMemoryError -XX:HeapDumpPath=c:\Users\segun\AppData\Roaming\Antigravity IDE\User\workspaceStorage\64a9a476eedfd8a6f58341188eee0457\redhat.java -Daether.dependencyCollector.impl=bf c:\Users\segun\.antigravity-ide\extensions\redhat.java-1.54.0-win32-x64\server\plugins\org.eclipse.equinox.launcher_1.7.100.v20251111-0406.jar -configuration c:\Users\segun\AppData\Roaming\Antigravity IDE\User\globalStorage\redhat.java\1.54.0\config_win -data c:\Users\segun\AppData\Roaming\Antigravity IDE\User\workspaceStorage\64a9a476eedfd8a6f58341188eee0457\redhat.java\jdt_ws --pipe=\\.\pipe\lsp-0dbc86dc0502743ccff45d80991ed975-sock

Host: 11th Gen Intel(R) Core(TM) i5-1135G7 @ 2.40GHz, 8 cores, 15G,  Windows 11 , 64 bit Build 26100 (10.0.26100.8328)
Time: Fri May 29 11:13:22 2026 Hora est. Pacífico, Sudamérica elapsed time: 16.417636 seconds (0d 0h 0m 16s)

---------------  T H R E A D  ---------------

Current thread (0x000001f971a92060):  JavaThread "C2 CompilerThread0" daemon [_thread_in_native, id=14256, stack(0x000000b362a00000,0x000000b362b00000) (1024K)]


Current CompileTask:
C2:16417 7620       4       sun.nio.cs.StreamDecoder::implRead (232 bytes)

Stack: [0x000000b362a00000,0x000000b362b00000]
Native frames: (J=compiled Java code, j=interpreted, Vv=VM code, C=native code)
V  [jvm.dll+0x6d7a39]
V  [jvm.dll+0x8b4b26]
V  [jvm.dll+0x8b70de]
V  [jvm.dll+0x8b77c3]
V  [jvm.dll+0x284346]
V  [jvm.dll+0xc66ed]
V  [jvm.dll+0xc6c31]
V  [jvm.dll+0x5def89]
V  [jvm.dll+0x38b191]
V  [jvm.dll+0x38a5aa]
V  [jvm.dll+0x24c560]
V  [jvm.dll+0x24bb40]
V  [jvm.dll+0x1cb34e]
V  [jvm.dll+0x25b85d]
V  [jvm.dll+0x259dea]
V  [jvm.dll+0x3f857e]
V  [jvm.dll+0x85f59d]
V  [jvm.dll+0x6d626d]
C  [ucrtbase.dll+0x37b0]
C  [KERNEL32.DLL+0x2e957]
C  [ntdll.dll+0x427c]


---------------  P R O C E S S  ---------------

Threads class SMR info:
_java_thread_list=0x000001f97d55c170, length=55, elements={
0x000001f9590b4a10, 0x000001f971a841c0, 0x000001f971a86540, 0x000001f971a8c990,
0x000001f971a8d950, 0x000001f971a8e5b0, 0x000001f971a8f210, 0x000001f971a92060,
0x000001f971ab9ae0, 0x000001f97366a1a0, 0x000001f973775570, 0x000001f978354440,
0x000001f978aad4f0, 0x000001f97893b990, 0x000001f9788c85c0, 0x000001f9790af530,
0x000001f978b5e160, 0x000001f978b39ef0, 0x000001f978bd1c80, 0x000001f978bd36c0,
0x000001f978bd2310, 0x000001f978bd0f60, 0x000001f978bd3d50, 0x000001f978bd29a0,
0x000001f978bd3030, 0x000001f978bd15f0, 0x000001f978bd08d0, 0x000001f97b65a290,
0x000001f97b65b640, 0x000001f97b659570, 0x000001f97b65afb0, 0x000001f97b65c360,
0x000001f97b65a920, 0x000001f97b658ee0, 0x000001f97b65bcd0, 0x000001f97b659c00,
0x000001f97b65c9f0, 0x000001f97b65d710, 0x000001f97b660500, 0x000001f97b65e430,
0x000001f97b65eac0, 0x000001f97b65d080, 0x000001f97b65fe70, 0x000001f97b65dda0,
0x000001f97b65f7e0, 0x000001f973791c30, 0x000001f9737922c0, 0x000001f973793670,
0x000001f973792950, 0x000001f973794390, 0x000001f973793d00, 0x000001f973790f10,
0x000001f979d387a0, 0x000001f973794a20, 0x000001f979e5d2d0
}

Java Threads: ( => current thread )
  0x000001f9590b4a10 JavaThread "main"                              [_thread_blocked, id=9824, stack(0x000000b362000000,0x000000b362100000) (1024K)]
  0x000001f971a841c0 JavaThread "Reference Handler"          daemon [_thread_blocked, id=19416, stack(0x000000b362400000,0x000000b362500000) (1024K)]
  0x000001f971a86540 JavaThread "Finalizer"                  daemon [_thread_blocked, id=18364, stack(0x000000b362500000,0x000000b362600000) (1024K)]
  0x000001f971a8c990 JavaThread "Signal Dispatcher"          daemon [_thread_blocked, id=7692, stack(0x000000b362600000,0x000000b362700000) (1024K)]
  0x000001f971a8d950 JavaThread "Attach Listener"            daemon [_thread_blocked, id=9932, stack(0x000000b362700000,0x000000b362800000) (1024K)]
  0x000001f971a8e5b0 JavaThread "Service Thread"             daemon [_thread_blocked, id=11456, stack(0x000000b362800000,0x000000b362900000) (1024K)]
  0x000001f971a8f210 JavaThread "Monitor Deflation Thread"   daemon [_thread_blocked, id=19776, stack(0x000000b362900000,0x000000b362a00000) (1024K)]
=>0x000001f971a92060 JavaThread "C2 CompilerThread0"         daemon [_thread_in_native, id=14256, stack(0x000000b362a00000,0x000000b362b00000) (1024K)]
  0x000001f971ab9ae0 JavaThread "C1 CompilerThread0"         daemon [_thread_blocked, id=17452, stack(0x000000b362b00000,0x000000b362c00000) (1024K)]
  0x000001f97366a1a0 JavaThread "Common-Cleaner"             daemon [_thread_blocked, id=17664, stack(0x000000b362d00000,0x000000b362e00000) (1024K)]
  0x000001f973775570 JavaThread "Notification Thread"        daemon [_thread_blocked, id=9360, stack(0x000000b362e00000,0x000000b362f00000) (1024K)]
  0x000001f978354440 JavaThread "Active Thread: Equinox Container: c3228497-fa38-4092-933d-226205f13b50"        [_thread_blocked, id=3888, stack(0x000000b363600000,0x000000b363700000) (1024K)]
  0x000001f978aad4f0 JavaThread "Refresh Thread: Equinox Container: c3228497-fa38-4092-933d-226205f13b50" daemon [_thread_blocked, id=8032, stack(0x000000b363800000,0x000000b363900000) (1024K)]
  0x000001f97893b990 JavaThread "Framework Event Dispatcher: Equinox Container: c3228497-fa38-4092-933d-226205f13b50" daemon [_thread_blocked, id=8892, stack(0x000000b363900000,0x000000b363a00000) (1024K)]
  0x000001f9788c85c0 JavaThread "Start Level: Equinox Container: c3228497-fa38-4092-933d-226205f13b50" daemon [_thread_blocked, id=20572, stack(0x000000b363a00000,0x000000b363b00000) (1024K)]
  0x000001f9790af530 JavaThread "Bundle File Closer"         daemon [_thread_blocked, id=14608, stack(0x000000b363b00000,0x000000b363c00000) (1024K)]
  0x000001f978b5e160 JavaThread "SCR Component Actor"        daemon [_thread_blocked, id=9764, stack(0x000000b362c00000,0x000000b362d00000) (1024K)]
  0x000001f978b39ef0 JavaThread "Worker-JM"                         [_thread_blocked, id=19868, stack(0x000000b363c00000,0x000000b363d00000) (1024K)]
  0x000001f978bd1c80 JavaThread "JNA Cleaner"                daemon [_thread_blocked, id=20116, stack(0x000000b362f00000,0x000000b363000000) (1024K)]
  0x000001f978bd36c0 JavaThread "Worker-0"                          [_thread_blocked, id=9864, stack(0x000000b363d00000,0x000000b363e00000) (1024K)]
  0x000001f978bd2310 JavaThread "Worker-1"                          [_thread_blocked, id=6316, stack(0x000000b363e00000,0x000000b363f00000) (1024K)]
  0x000001f978bd0f60 JavaThread "Worker-2"                          [_thread_blocked, id=6404, stack(0x000000b363f00000,0x000000b364000000) (1024K)]
  0x000001f978bd3d50 JavaThread "Java indexing"              daemon [_thread_blocked, id=7428, stack(0x000000b364200000,0x000000b364300000) (1024K)]
  0x000001f978bd29a0 JavaThread "Worker-3"                          [_thread_blocked, id=12020, stack(0x000000b364300000,0x000000b364400000) (1024K)]
  0x000001f978bd3030 JavaThread "Worker-4: Building"                [_thread_in_Java, id=18556, stack(0x000000b364400000,0x000000b364500000) (1024K)]
  0x000001f978bd15f0 JavaThread "Worker-5"                          [_thread_blocked, id=10236, stack(0x000000b364700000,0x000000b364800000) (1024K)]
  0x000001f978bd08d0 JavaThread "Thread-1"                   daemon [_thread_in_native, id=5540, stack(0x000000b364800000,0x000000b364900000) (1024K)]
  0x000001f97b65a290 JavaThread "Thread-2"                   daemon [_thread_in_native, id=6304, stack(0x000000b364900000,0x000000b364a00000) (1024K)]
  0x000001f97b65b640 JavaThread "Thread-3"                   daemon [_thread_in_native, id=3548, stack(0x000000b364a00000,0x000000b364b00000) (1024K)]
  0x000001f97b659570 JavaThread "Thread-4"                   daemon [_thread_in_native, id=20128, stack(0x000000b364b00000,0x000000b364c00000) (1024K)]
  0x000001f97b65afb0 JavaThread "Thread-5"                   daemon [_thread_in_native, id=10868, stack(0x000000b364c00000,0x000000b364d00000) (1024K)]
  0x000001f97b65c360 JavaThread "Thread-6"                   daemon [_thread_in_native, id=12304, stack(0x000000b364d00000,0x000000b364e00000) (1024K)]
  0x000001f97b65a920 JavaThread "Thread-7"                   daemon [_thread_in_native, id=6916, stack(0x000000b364e00000,0x000000b364f00000) (1024K)]
  0x000001f97b658ee0 JavaThread "Thread-8"                   daemon [_thread_in_native, id=9520, stack(0x000000b364f00000,0x000000b365000000) (1024K)]
  0x000001f97b65bcd0 JavaThread "Thread-9"                   daemon [_thread_in_native, id=21148, stack(0x000000b365000000,0x000000b365100000) (1024K)]
  0x000001f97b659c00 JavaThread "pool-2-thread-1"                   [_thread_blocked, id=20652, stack(0x000000b365100000,0x000000b365200000) (1024K)]
  0x000001f97b65c9f0 JavaThread "WorkspaceEventsHandler"            [_thread_blocked, id=11816, stack(0x000000b365200000,0x000000b365300000) (1024K)]
  0x000001f97b65d710 JavaThread "pool-1-thread-1"                   [_thread_blocked, id=11328, stack(0x000000b365300000,0x000000b365400000) (1024K)]
  0x000001f97b660500 JavaThread "ForkJoinPool.commonPool-worker-1" daemon [_thread_blocked, id=16316, stack(0x000000b365400000,0x000000b365500000) (1024K)]
  0x000001f97b65e430 JavaThread "ForkJoinPool.commonPool-worker-2" daemon [_thread_blocked, id=20816, stack(0x000000b365500000,0x000000b365600000) (1024K)]
  0x000001f97b65eac0 JavaThread "ForkJoinPool.commonPool-worker-3" daemon [_thread_blocked, id=8676, stack(0x000000b365600000,0x000000b365700000) (1024K)]
  0x000001f97b65d080 JavaThread "ForkJoinPool.commonPool-worker-4" daemon [_thread_blocked, id=14232, stack(0x000000b365700000,0x000000b365800000) (1024K)]
  0x000001f97b65fe70 JavaThread "ForkJoinPool.commonPool-worker-5" daemon [_thread_blocked, id=8052, stack(0x000000b365800000,0x000000b365900000) (1024K)]
  0x000001f97b65dda0 JavaThread "ForkJoinPool.commonPool-worker-6" daemon [_thread_blocked, id=12204, stack(0x000000b365900000,0x000000b365a00000) (1024K)]
  0x000001f97b65f7e0 JavaThread "ForkJoinPool.commonPool-worker-7" daemon [_thread_blocked, id=20644, stack(0x000000b365a00000,0x000000b365b00000) (1024K)]
  0x000001f973791c30 JavaThread "LocalFile Deleter"          daemon [_thread_blocked, id=12104, stack(0x000000b364100000,0x000000b364200000) (1024K)]
  0x000001f9737922c0 JavaThread "LocalFile Deleter"          daemon [_thread_blocked, id=6888, stack(0x000000b365b00000,0x000000b365c00000) (1024K)]
  0x000001f973793670 JavaThread "LocalFile Deleter"          daemon [_thread_blocked, id=5692, stack(0x000000b365c00000,0x000000b365d00000) (1024K)]
  0x000001f973792950 JavaThread "Compiler Source File Reader" daemon [_thread_blocked, id=4564, stack(0x000000b365d00000,0x000000b365e00000) (1024K)]
  0x000001f973794390 JavaThread "Compiler Processing Task"   daemon [_thread_blocked, id=13152, stack(0x000000b365e00000,0x000000b365f00000) (1024K)]
  0x000001f973793d00 JavaThread "Compiler Class File Writer" daemon [_thread_blocked, id=17032, stack(0x000000b364000000,0x000000b364100000) (1024K)]
  0x000001f973790f10 JavaThread "Compiler Source File Reader" daemon [_thread_blocked, id=19720, stack(0x000000b365f00000,0x000000b366000000) (1024K)]
  0x000001f979d387a0 JavaThread "C2 CompilerThread1"         daemon [_thread_in_native, id=2696, stack(0x000000b366000000,0x000000b366100000) (1024K)]
  0x000001f973794a20 JavaThread "Compiler Class File Writer" daemon [_thread_blocked, id=21520, stack(0x000000b366100000,0x000000b366200000) (1024K)]
  0x000001f979e5d2d0 JavaThread "C2 CompilerThread2"         daemon [_thread_in_native, id=21552, stack(0x000000b366200000,0x000000b366300000) (1024K)]
Total: 55

Other Threads:
  0x000001f959153950 VMThread "VM Thread"                           [id=4212, stack(0x000000b362300000,0x000000b362400000) (1024K)]
  0x000001f97199c950 WatcherThread "VM Periodic Task Thread"        [id=6988, stack(0x000000b362200000,0x000000b362300000) (1024K)]
  0x000001f9590d3120 WorkerThread "GC Thread#0"                     [id=7988, stack(0x000000b362100000,0x000000b362200000) (1024K)]
  0x000001f9783bb420 WorkerThread "GC Thread#1"                     [id=19248, stack(0x000000b363000000,0x000000b363100000) (1024K)]
  0x000001f9783bb7d0 WorkerThread "GC Thread#2"                     [id=19168, stack(0x000000b363100000,0x000000b363200000) (1024K)]
  0x000001f9783bc390 WorkerThread "GC Thread#3"                     [id=13700, stack(0x000000b363200000,0x000000b363300000) (1024K)]
  0x000001f9785e2d10 WorkerThread "GC Thread#4"                     [id=1512, stack(0x000000b363300000,0x000000b363400000) (1024K)]
  0x000001f9785e30c0 WorkerThread "GC Thread#5"                     [id=20972, stack(0x000000b363400000,0x000000b363500000) (1024K)]
  0x000001f9785e3470 WorkerThread "GC Thread#6"                     [id=1692, stack(0x000000b363500000,0x000000b363600000) (1024K)]
  0x000001f97880f6c0 WorkerThread "GC Thread#7"                     [id=19320, stack(0x000000b363700000,0x000000b363800000) (1024K)]
Total: 10

Threads with active compile tasks:
C2 CompilerThread0  16446 7620       4       sun.nio.cs.StreamDecoder::implRead (232 bytes)
C1 CompilerThread0  16446 7643       3       com.google.inject.internal.MoreTypes::declaringClassOf (23 bytes)
C2 CompilerThread1  16446 7628       4       org.codehaus.plexus.util.xml.pull.MXParser::parseStartTag (1205 bytes)
C2 CompilerThread2  16446 7619       4       org.codehaus.plexus.util.xml.pull.MXParser::parseEndTag (438 bytes)
Total: 4

VM state: not at safepoint (normal execution)

VM Mutex/Monitor currently owned by a thread:  ([mutex/lock_event])
[0x00007ffc3f33d060] MethodCompileQueue_lock - owner thread: 0x000001f971ab9ae0
[0x00007ffc3f33e460] CodeCache_lock - owner thread: 0x0000000000000000

Heap address: 0x0000000080000000, size: 2048 MB, Compressed Oops mode: 32-bit

CDS archive(s) mapped at: [0x000001f900000000-0x000001f900ba0000-0x000001f900ba0000), size 12189696, SharedBaseAddress: 0x000001f900000000, ArchiveRelocationMode: 1.
Compressed class space mapped at: 0x000001f901000000-0x000001f941000000, reserved size: 1073741824
Narrow klass base: 0x000001f900000000, Narrow klass shift: 0, Narrow klass range: 0x100000000

GC Precious Log:
 CardTable entry size: 512
 CPUs: 8 total, 8 available
 Memory: 16126M
 Large Page Support: Disabled
 NUMA Support: Disabled
 Compressed Oops: Enabled (32-bit)
 Alignments: Space 512K, Generation 512K, Heap 2M
 Heap Min Capacity: 100M
 Heap Initial Capacity: 100M
 Heap Max Capacity: 2G
 Pre-touch: Disabled
 Parallel Workers: 8

Heap:
 PSYoungGen      total 26112K, used 16501K [0x00000000d5580000, 0x00000000d7480000, 0x0000000100000000)
  eden space 20480K, 53% used [0x00000000d5580000,0x00000000d601da40,0x00000000d6980000)
  from space 5632K, 99% used [0x00000000d6f00000,0x00000000d747fa88,0x00000000d7480000)
  to   space 1024K, 0% used [0x00000000d6980000,0x00000000d6980000,0x00000000d6a80000)
 ParOldGen       total 68608K, used 54482K [0x0000000080000000, 0x0000000084300000, 0x00000000d5580000)
  object space 68608K, 79% used [0x0000000080000000,0x00000000835348a0,0x0000000084300000)
 Metaspace       used 54156K, committed 55488K, reserved 1114112K
  class space    used 5926K, committed 6528K, reserved 1048576K

Card table byte_map: [0x000001f96cdd0000,0x000001f96d1e0000] _byte_map_base: 0x000001f96c9d0000

Marking Bits: (ParMarkBitMap*) 0x00007ffc3f343450
 Begin Bits: [0x000001f96d490000, 0x000001f96f490000)
 End Bits:   [0x000001f96f490000, 0x000001f971490000)

Polling page: 0x000001f959380000

Metaspace:

Usage:
  Non-class:     47.10 MB used.
      Class:      5.79 MB used.
       Both:     52.89 MB used.

Virtual space:
  Non-class space:       64.00 MB reserved,      47.81 MB ( 75%) committed,  1 nodes.
      Class space:        1.00 GB reserved,       6.38 MB ( <1%) committed,  1 nodes.
             Both:        1.06 GB reserved,      54.19 MB (  5%) committed. 

Chunk freelists:
   Non-Class:  15.83 MB
       Class:  9.45 MB
        Both:  25.28 MB

MaxMetaspaceSize: unlimited
CompressedClassSpaceSize: 1.00 GB
Initial GC threshold: 21.00 MB
Current GC threshold: 58.38 MB
CDS: on
 - commit_granule_bytes: 65536.
 - commit_granule_words: 8192.
 - virtual_space_node_default_size: 8388608.
 - enlarge_chunks_in_place: 1.
 - use_allocation_guard: 0.


Internal statistics:

num_allocs_failed_limit: 6.
num_arena_births: 1054.
num_arena_deaths: 14.
num_vsnodes_births: 2.
num_vsnodes_deaths: 0.
num_space_committed: 867.
num_space_uncommitted: 0.
num_chunks_returned_to_freelist: 20.
num_chunks_taken_from_freelist: 3600.
num_chunk_merges: 9.
num_chunk_splits: 2201.
num_chunks_enlarged: 1203.
num_inconsistent_stats: 0.

CodeHeap 'non-profiled nmethods': size=120000Kb used=4331Kb max_used=4331Kb free=115668Kb
 bounds [0x000001f9657b0000, 0x000001f965bf0000, 0x000001f96cce0000]
CodeHeap 'profiled nmethods': size=120000Kb used=14618Kb max_used=14618Kb free=105381Kb
 bounds [0x000001f95dce0000, 0x000001f95eb30000, 0x000001f965210000]
CodeHeap 'non-nmethods': size=5760Kb used=1406Kb max_used=1452Kb free=4353Kb
 bounds [0x000001f965210000, 0x000001f965480000, 0x000001f9657b0000]
CodeCache: size=245760Kb, used=20355Kb, max_used=20401Kb, free=225402Kb
 total_blobs=7767, nmethods=7063, adapters=610, full_count=0
Compilation: enabled, stopped_count=0, restarted_count=0

Compilation events (20 events):
Event: 16.390 Thread 0x000001f971a92060 nmethod 7612 0x000001f965be7e10 code [0x000001f965be7fe0, 0x000001f965be8800]
Event: 16.390 Thread 0x000001f971a92060 7617       4       java.nio.charset.CoderResult::isOverflow (14 bytes)
Event: 16.391 Thread 0x000001f971a92060 nmethod 7617 0x000001f965be8b90 code [0x000001f965be8d20, 0x000001f965be8db8]
Event: 16.391 Thread 0x000001f979d387a0 nmethod 7606 0x000001f965be8e90 code [0x000001f965be9020, 0x000001f965be90d8]
Event: 16.391 Thread 0x000001f971a92060 7620       4       sun.nio.cs.StreamDecoder::implRead (232 bytes)
Event: 16.393 Thread 0x000001f979d387a0 7621 %     4       org.codehaus.plexus.util.InterpolationFilterReader::read @ 3 (48 bytes)
Event: 16.396 Thread 0x000001f979d387a0 nmethod 7621% 0x000001f965be9190 code [0x000001f965be9340, 0x000001f965be9540]
Event: 16.398 Thread 0x000001f971ab9ae0 7622       1       org.eclipse.sisu.plexus.PlexusTypeRegistry::getSpace (5 bytes)
Event: 16.398 Thread 0x000001f971ab9ae0 nmethod 7622 0x000001f965be9710 code [0x000001f965be98a0, 0x000001f965be9968]
Event: 16.400 Thread 0x000001f971ab9ae0 7623       3       org.eclipse.sisu.plexus.PlexusXmlScanner::parseRequirement (223 bytes)
Event: 16.400 Thread 0x000001f979d387a0 7626       4       org.codehaus.plexus.util.xml.pull.MXParser::isWhitespace (115 bytes)
Event: 16.404 Thread 0x000001f971ab9ae0 nmethod 7623 0x000001f95eb1a910 code [0x000001f95eb1ada0, 0x000001f95eb1c960]
Event: 16.404 Thread 0x000001f971ab9ae0 7624       3       org.eclipse.sisu.plexus.Hints::canonicalHints (72 bytes)
Event: 16.405 Thread 0x000001f971ab9ae0 nmethod 7624 0x000001f95eb1d490 code [0x000001f95eb1d700, 0x000001f95eb1e190]
Event: 16.405 Thread 0x000001f971ab9ae0 7625       3       org.eclipse.sisu.plexus.Hints::isDefaultHint (27 bytes)
Event: 16.406 Thread 0x000001f971ab9ae0 nmethod 7625 0x000001f95eb1e490 code [0x000001f95eb1e660, 0x000001f95eb1e938]
Event: 16.406 Thread 0x000001f979d387a0 nmethod 7626 0x000001f965be9a10 code [0x000001f965be9ba0, 0x000001f965be9e48]
Event: 16.406 Thread 0x000001f979d387a0 7627       4       org.codehaus.plexus.util.InterpolationFilterReader::read (48 bytes)
Event: 16.409 Thread 0x000001f979d387a0 nmethod 7627 0x000001f965bea010 code [0x000001f965bea1a0, 0x000001f965bea310]
Event: 16.409 Thread 0x000001f979d387a0 7628       4       org.codehaus.plexus.util.xml.pull.MXParser::parseStartTag (1205 bytes)

GC Heap History (20 events):
Event: 10.746 GC heap before
{Heap before GC invocations=21 (full 2):
 PSYoungGen      total 24576K, used 24210K [0x00000000d5580000, 0x00000000d7080000, 0x0000000100000000)
  eden space 22016K, 100% used [0x00000000d5580000,0x00000000d6b00000,0x00000000d6b00000)
  from space 2560K, 85% used [0x00000000d6e00000,0x00000000d7024b80,0x00000000d7080000)
  to   space 2560K, 0% used [0x00000000d6b00000,0x00000000d6b00000,0x00000000d6d80000)
 ParOldGen       total 68608K, used 25453K [0x0000000080000000, 0x0000000084300000, 0x00000000d5580000)
  object space 68608K, 37% used [0x0000000080000000,0x00000000818db4e8,0x0000000084300000)
 Metaspace       used 46522K, committed 47808K, reserved 1114112K
  class space    used 5073K, committed 5632K, reserved 1048576K
}
Event: 10.750 GC heap after
{Heap after GC invocations=21 (full 2):
 PSYoungGen      total 24576K, used 2546K [0x00000000d5580000, 0x00000000d7b00000, 0x0000000100000000)
  eden space 22016K, 0% used [0x00000000d5580000,0x00000000d5580000,0x00000000d6b00000)
  from space 2560K, 99% used [0x00000000d6b00000,0x00000000d6d7cbe0,0x00000000d6d80000)
  to   space 8192K, 0% used [0x00000000d7300000,0x00000000d7300000,0x00000000d7b00000)
 ParOldGen       total 68608K, used 30116K [0x0000000080000000, 0x0000000084300000, 0x00000000d5580000)
  object space 68608K, 43% used [0x0000000080000000,0x0000000081d69138,0x0000000084300000)
 Metaspace       used 46522K, committed 47808K, reserved 1114112K
  class space    used 5073K, committed 5632K, reserved 1048576K
}
Event: 11.001 GC heap before
{Heap before GC invocations=22 (full 2):
 PSYoungGen      total 24576K, used 24562K [0x00000000d5580000, 0x00000000d7b00000, 0x0000000100000000)
  eden space 22016K, 100% used [0x00000000d5580000,0x00000000d6b00000,0x00000000d6b00000)
  from space 2560K, 99% used [0x00000000d6b00000,0x00000000d6d7cbe0,0x00000000d6d80000)
  to   space 8192K, 0% used [0x00000000d7300000,0x00000000d7300000,0x00000000d7b00000)
 ParOldGen       total 68608K, used 30116K [0x0000000080000000, 0x0000000084300000, 0x00000000d5580000)
  object space 68608K, 43% used [0x0000000080000000,0x0000000081d69138,0x0000000084300000)
 Metaspace       used 47547K, committed 48896K, reserved 1114112K
  class space    used 5207K, committed 5760K, reserved 1048576K
}
Event: 11.008 GC heap after
{Heap after GC invocations=22 (full 2):
 PSYoungGen      total 30208K, used 7697K [0x00000000d5580000, 0x00000000d7b00000, 0x0000000100000000)
  eden space 22016K, 0% used [0x00000000d5580000,0x00000000d5580000,0x00000000d6b00000)
  from space 8192K, 93% used [0x00000000d7300000,0x00000000d7a84410,0x00000000d7b00000)
  to   space 8192K, 0% used [0x00000000d6b00000,0x00000000d6b00000,0x00000000d7300000)
 ParOldGen       total 68608K, used 32606K [0x0000000080000000, 0x0000000084300000, 0x00000000d5580000)
  object space 68608K, 47% used [0x0000000080000000,0x0000000081fd78a8,0x0000000084300000)
 Metaspace       used 47547K, committed 48896K, reserved 1114112K
  class space    used 5207K, committed 5760K, reserved 1048576K
}
Event: 11.130 GC heap before
{Heap before GC invocations=23 (full 2):
 PSYoungGen      total 30208K, used 29713K [0x00000000d5580000, 0x00000000d7b00000, 0x0000000100000000)
  eden space 22016K, 100% used [0x00000000d5580000,0x00000000d6b00000,0x00000000d6b00000)
  from space 8192K, 93% used [0x00000000d7300000,0x00000000d7a84410,0x00000000d7b00000)
  to   space 8192K, 0% used [0x00000000d6b00000,0x00000000d6b00000,0x00000000d7300000)
 ParOldGen       total 68608K, used 32606K [0x0000000080000000, 0x0000000084300000, 0x00000000d5580000)
  object space 68608K, 47% used [0x0000000080000000,0x0000000081fd78a8,0x0000000084300000)
 Metaspace       used 47555K, committed 48896K, reserved 1114112K
  class space    used 5207K, committed 5760K, reserved 1048576K
}
Event: 11.137 GC heap after
{Heap after GC invocations=23 (full 2):
 PSYoungGen      total 25088K, used 2658K [0x00000000d5580000, 0x00000000d7400000, 0x0000000100000000)
  eden space 22016K, 0% used [0x00000000d5580000,0x00000000d5580000,0x00000000d6b00000)
  from space 3072K, 86% used [0x00000000d6b00000,0x00000000d6d98810,0x00000000d6e00000)
  to   space 4608K, 0% used [0x00000000d6f80000,0x00000000d6f80000,0x00000000d7400000)
 ParOldGen       total 68608K, used 40170K [0x0000000080000000, 0x0000000084300000, 0x00000000d5580000)
  object space 68608K, 58% used [0x0000000080000000,0x000000008273aab8,0x0000000084300000)
 Metaspace       used 47555K, committed 48896K, reserved 1114112K
  class space    used 5207K, committed 5760K, reserved 1048576K
}
Event: 11.473 GC heap before
{Heap before GC invocations=24 (full 2):
 PSYoungGen      total 25088K, used 24674K [0x00000000d5580000, 0x00000000d7400000, 0x0000000100000000)
  eden space 22016K, 100% used [0x00000000d5580000,0x00000000d6b00000,0x00000000d6b00000)
  from space 3072K, 86% used [0x00000000d6b00000,0x00000000d6d98810,0x00000000d6e00000)
  to   space 4608K, 0% used [0x00000000d6f80000,0x00000000d6f80000,0x00000000d7400000)
 ParOldGen       total 68608K, used 40170K [0x0000000080000000, 0x0000000084300000, 0x00000000d5580000)
  object space 68608K, 58% used [0x0000000080000000,0x000000008273aab8,0x0000000084300000)
 Metaspace       used 47564K, committed 48896K, reserved 1114112K
  class space    used 5207K, committed 5760K, reserved 1048576K
}
Event: 11.479 GC heap after
{Heap after GC invocations=24 (full 2):
 PSYoungGen      total 24576K, used 2436K [0x00000000d5580000, 0x00000000d7200000, 0x0000000100000000)
  eden space 22016K, 0% used [0x00000000d5580000,0x00000000d5580000,0x00000000d6b00000)
  from space 2560K, 95% used [0x00000000d6f80000,0x00000000d71e1000,0x00000000d7200000)
  to   space 3072K, 0% used [0x00000000d6c00000,0x00000000d6c00000,0x00000000d6f00000)
 ParOldGen       total 68608K, used 42617K [0x0000000080000000, 0x0000000084300000, 0x00000000d5580000)
  object space 68608K, 62% used [0x0000000080000000,0x000000008299e478,0x0000000084300000)
 Metaspace       used 47564K, committed 48896K, reserved 1114112K
  class space    used 5207K, committed 5760K, reserved 1048576K
}
Event: 11.682 GC heap before
{Heap before GC invocations=25 (full 2):
 PSYoungGen      total 24576K, used 24452K [0x00000000d5580000, 0x00000000d7200000, 0x0000000100000000)
  eden space 22016K, 100% used [0x00000000d5580000,0x00000000d6b00000,0x00000000d6b00000)
  from space 2560K, 95% used [0x00000000d6f80000,0x00000000d71e1000,0x00000000d7200000)
  to   space 3072K, 0% used [0x00000000d6c00000,0x00000000d6c00000,0x00000000d6f00000)
 ParOldGen       total 68608K, used 42617K [0x0000000080000000, 0x0000000084300000, 0x00000000d5580000)
  object space 68608K, 62% used [0x0000000080000000,0x000000008299e478,0x0000000084300000)
 Metaspace       used 47594K, committed 48896K, reserved 1114112K
  class space    used 5208K, committed 5760K, reserved 1048576K
}
Event: 11.688 GC heap after
{Heap after GC invocations=25 (full 2):
 PSYoungGen      total 24576K, used 2432K [0x00000000d5580000, 0x00000000d7000000, 0x0000000100000000)
  eden space 22016K, 0% used [0x00000000d5580000,0x00000000d5580000,0x00000000d6b00000)
  from space 2560K, 95% used [0x00000000d6c00000,0x00000000d6e60010,0x00000000d6e80000)
  to   space 1536K, 0% used [0x00000000d6e80000,0x00000000d6e80000,0x00000000d7000000)
 ParOldGen       total 68608K, used 44881K [0x0000000080000000, 0x0000000084300000, 0x00000000d5580000)
  object space 68608K, 65% used [0x0000000080000000,0x0000000082bd4578,0x0000000084300000)
 Metaspace       used 47594K, committed 48896K, reserved 1114112K
  class space    used 5208K, committed 5760K, reserved 1048576K
}
Event: 12.207 GC heap before
{Heap before GC invocations=26 (full 2):
 PSYoungGen      total 24576K, used 24422K [0x00000000d5580000, 0x00000000d7000000, 0x0000000100000000)
  eden space 22016K, 99% used [0x00000000d5580000,0x00000000d6af9ae8,0x00000000d6b00000)
  from space 2560K, 95% used [0x00000000d6c00000,0x00000000d6e60010,0x00000000d6e80000)
  to   space 1536K, 0% used [0x00000000d6e80000,0x00000000d6e80000,0x00000000d7000000)
 ParOldGen       total 68608K, used 44881K [0x0000000080000000, 0x0000000084300000, 0x00000000d5580000)
  object space 68608K, 65% used [0x0000000080000000,0x0000000082bd4578,0x0000000084300000)
 Metaspace       used 48252K, committed 49472K, reserved 1114112K
  class space    used 5261K, committed 5760K, reserved 1048576K
}
Event: 12.211 GC heap after
{Heap after GC invocations=26 (full 2):
 PSYoungGen      total 22016K, used 1523K [0x00000000d5580000, 0x00000000d7500000, 0x0000000100000000)
  eden space 20480K, 0% used [0x00000000d5580000,0x00000000d5580000,0x00000000d6980000)
  from space 1536K, 99% used [0x00000000d6e80000,0x00000000d6ffcd20,0x00000000d7000000)
  to   space 5120K, 0% used [0x00000000d6980000,0x00000000d6980000,0x00000000d6e80000)
 ParOldGen       total 68608K, used 48021K [0x0000000080000000, 0x0000000084300000, 0x00000000d5580000)
  object space 68608K, 69% used [0x0000000080000000,0x0000000082ee54b8,0x0000000084300000)
 Metaspace       used 48252K, committed 49472K, reserved 1114112K
  class space    used 5261K, committed 5760K, reserved 1048576K
}
Event: 13.077 GC heap before
{Heap before GC invocations=27 (full 2):
 PSYoungGen      total 22016K, used 22003K [0x00000000d5580000, 0x00000000d7500000, 0x0000000100000000)
  eden space 20480K, 100% used [0x00000000d5580000,0x00000000d6980000,0x00000000d6980000)
  from space 1536K, 99% used [0x00000000d6e80000,0x00000000d6ffcd20,0x00000000d7000000)
  to   space 5120K, 0% used [0x00000000d6980000,0x00000000d6980000,0x00000000d6e80000)
 ParOldGen       total 68608K, used 48021K [0x0000000080000000, 0x0000000084300000, 0x00000000d5580000)
  object space 68608K, 69% used [0x0000000080000000,0x0000000082ee54b8,0x0000000084300000)
 Metaspace       used 50636K, committed 51904K, reserved 1114112K
  class space    used 5547K, committed 6080K, reserved 1048576K
}
Event: 13.081 GC heap after
{Heap after GC invocations=27 (full 2):
 PSYoungGen      total 21504K, used 731K [0x00000000d5580000, 0x00000000d6f00000, 0x0000000100000000)
  eden space 20480K, 0% used [0x00000000d5580000,0x00000000d5580000,0x00000000d6980000)
  from space 1024K, 71% used [0x00000000d6980000,0x00000000d6a36e88,0x00000000d6a80000)
  to   space 2560K, 0% used [0x00000000d6c80000,0x00000000d6c80000,0x00000000d6f00000)
 ParOldGen       total 68608K, used 49531K [0x0000000080000000, 0x0000000084300000, 0x00000000d5580000)
  object space 68608K, 72% used [0x0000000080000000,0x000000008305eeb8,0x0000000084300000)
 Metaspace       used 50636K, committed 51904K, reserved 1114112K
  class space    used 5547K, committed 6080K, reserved 1048576K
}
Event: 13.849 GC heap before
{Heap before GC invocations=28 (full 2):
 PSYoungGen      total 21504K, used 21211K [0x00000000d5580000, 0x00000000d6f00000, 0x0000000100000000)
  eden space 20480K, 100% used [0x00000000d5580000,0x00000000d6980000,0x00000000d6980000)
  from space 1024K, 71% used [0x00000000d6980000,0x00000000d6a36e88,0x00000000d6a80000)
  to   space 2560K, 0% used [0x00000000d6c80000,0x00000000d6c80000,0x00000000d6f00000)
 ParOldGen       total 68608K, used 49531K [0x0000000080000000, 0x0000000084300000, 0x00000000d5580000)
  object space 68608K, 72% used [0x0000000080000000,0x000000008305eeb8,0x0000000084300000)
 Metaspace       used 51672K, committed 52992K, reserved 1114112K
  class space    used 5662K, committed 6208K, reserved 1048576K
}
Event: 13.851 GC heap after
{Heap after GC invocations=28 (full 2):
 PSYoungGen      total 21504K, used 530K [0x00000000d5580000, 0x00000000d6d80000, 0x0000000100000000)
  eden space 20480K, 0% used [0x00000000d5580000,0x00000000d5580000,0x00000000d6980000)
  from space 1024K, 51% used [0x00000000d6c80000,0x00000000d6d04818,0x00000000d6d80000)
  to   space 1024K, 0% used [0x00000000d6980000,0x00000000d6980000,0x00000000d6a80000)
 ParOldGen       total 68608K, used 50175K [0x0000000080000000, 0x0000000084300000, 0x00000000d5580000)
  object space 68608K, 73% used [0x0000000080000000,0x00000000830ffee8,0x0000000084300000)
 Metaspace       used 51672K, committed 52992K, reserved 1114112K
  class space    used 5662K, committed 6208K, reserved 1048576K
}
Event: 14.637 GC heap before
{Heap before GC invocations=29 (full 2):
 PSYoungGen      total 21504K, used 21010K [0x00000000d5580000, 0x00000000d6d80000, 0x0000000100000000)
  eden space 20480K, 100% used [0x00000000d5580000,0x00000000d6980000,0x00000000d6980000)
  from space 1024K, 51% used [0x00000000d6c80000,0x00000000d6d04818,0x00000000d6d80000)
  to   space 1024K, 0% used [0x00000000d6980000,0x00000000d6980000,0x00000000d6a80000)
 ParOldGen       total 68608K, used 50175K [0x0000000080000000, 0x0000000084300000, 0x00000000d5580000)
  object space 68608K, 73% used [0x0000000080000000,0x00000000830ffee8,0x0000000084300000)
 Metaspace       used 52635K, committed 53888K, reserved 1114112K
  class space    used 5765K, committed 6272K, reserved 1048576K
}
Event: 14.642 GC heap after
{Heap after GC invocations=29 (full 2):
 PSYoungGen      total 21504K, used 1014K [0x00000000d5580000, 0x00000000d7480000, 0x0000000100000000)
  eden space 20480K, 0% used [0x00000000d5580000,0x00000000d5580000,0x00000000d6980000)
  from space 1024K, 99% used [0x00000000d6980000,0x00000000d6a7d990,0x00000000d6a80000)
  to   space 5632K, 0% used [0x00000000d6f00000,0x00000000d6f00000,0x00000000d7480000)
 ParOldGen       total 68608K, used 53834K [0x0000000080000000, 0x0000000084300000, 0x00000000d5580000)
  object space 68608K, 78% used [0x0000000080000000,0x0000000083492928,0x0000000084300000)
 Metaspace       used 52635K, committed 53888K, reserved 1114112K
  class space    used 5765K, committed 6272K, reserved 1048576K
}
Event: 16.250 GC heap before
{Heap before GC invocations=30 (full 2):
 PSYoungGen      total 21504K, used 21494K [0x00000000d5580000, 0x00000000d7480000, 0x0000000100000000)
  eden space 20480K, 100% used [0x00000000d5580000,0x00000000d6980000,0x00000000d6980000)
  from space 1024K, 99% used [0x00000000d6980000,0x00000000d6a7d990,0x00000000d6a80000)
  to   space 5632K, 0% used [0x00000000d6f00000,0x00000000d6f00000,0x00000000d7480000)
 ParOldGen       total 68608K, used 53834K [0x0000000080000000, 0x0000000084300000, 0x00000000d5580000)
  object space 68608K, 78% used [0x0000000080000000,0x0000000083492928,0x0000000084300000)
 Metaspace       used 53996K, committed 55360K, reserved 1114112K
  class space    used 5915K, committed 6528K, reserved 1048576K
}
Event: 16.254 GC heap after
{Heap after GC invocations=30 (full 2):
 PSYoungGen      total 26112K, used 5630K [0x00000000d5580000, 0x00000000d7480000, 0x0000000100000000)
  eden space 20480K, 0% used [0x00000000d5580000,0x00000000d5580000,0x00000000d6980000)
  from space 5632K, 99% used [0x00000000d6f00000,0x00000000d747fa88,0x00000000d7480000)
  to   space 1024K, 0% used [0x00000000d6980000,0x00000000d6980000,0x00000000d6a80000)
 ParOldGen       total 68608K, used 54482K [0x0000000080000000, 0x0000000084300000, 0x00000000d5580000)
  object space 68608K, 79% used [0x0000000080000000,0x00000000835348a0,0x0000000084300000)
 Metaspace       used 53996K, committed 55360K, reserved 1114112K
  class space    used 5915K, committed 6528K, reserved 1048576K
}

Dll operation events (10 events):
Event: 0.013 Loaded shared library c:\Users\segun\.antigravity-ide\extensions\redhat.java-1.54.0-win32-x64\jre\21.0.10-win32-x86_64\bin\java.dll
Event: 0.092 Loaded shared library c:\Users\segun\.antigravity-ide\extensions\redhat.java-1.54.0-win32-x64\jre\21.0.10-win32-x86_64\bin\zip.dll
Event: 0.116 Loaded shared library C:\Users\segun\.antigravity-ide\extensions\redhat.java-1.54.0-win32-x64\jre\21.0.10-win32-x86_64\bin\instrument.dll
Event: 0.123 Loaded shared library C:\Users\segun\.antigravity-ide\extensions\redhat.java-1.54.0-win32-x64\jre\21.0.10-win32-x86_64\bin\net.dll
Event: 0.127 Loaded shared library C:\Users\segun\.antigravity-ide\extensions\redhat.java-1.54.0-win32-x64\jre\21.0.10-win32-x86_64\bin\nio.dll
Event: 0.131 Loaded shared library C:\Users\segun\.antigravity-ide\extensions\redhat.java-1.54.0-win32-x64\jre\21.0.10-win32-x86_64\bin\zip.dll
Event: 0.151 Loaded shared library C:\Users\segun\.antigravity-ide\extensions\redhat.java-1.54.0-win32-x64\jre\21.0.10-win32-x86_64\bin\jimage.dll
Event: 0.235 Loaded shared library c:\Users\segun\.antigravity-ide\extensions\redhat.java-1.54.0-win32-x64\jre\21.0.10-win32-x86_64\bin\verify.dll
Event: 1.497 Loaded shared library C:\Users\segun\AppData\Roaming\Antigravity IDE\User\globalStorage\redhat.java\1.54.0\config_win\org.eclipse.equinox.launcher\org.eclipse.equinox.launcher.win32.win32.x86_64_1.3.0.v20260203-2149\eclipse_11919.dll
Event: 5.261 Loaded shared library C:\Users\segun\AppData\Local\Temp\jna-109316526\jna9298876033061109229.dll

Deoptimization events (20 events):
Event: 15.093 Thread 0x000001f973794390 Uncommon trap: trap_request=0xffffff45 fr.pc=0x000001f965a160f8 relative=0x00000000000006b8
Event: 15.093 Thread 0x000001f973794390 Uncommon trap: reason=unstable_if action=reinterpret pc=0x000001f965a160f8 method=java.util.HashMap.putVal(ILjava/lang/Object;Ljava/lang/Object;ZZ)Ljava/lang/Object; @ 94 c2
Event: 15.093 Thread 0x000001f973794390 DEOPT PACKING pc=0x000001f965a160f8 sp=0x000000b365efe020
Event: 15.093 Thread 0x000001f973794390 DEOPT UNPACKING pc=0x000001f965266da2 sp=0x000000b365efdf30 mode 2
Event: 16.033 Thread 0x000001f978bd3030 Uncommon trap: trap_request=0xffffffde fr.pc=0x000001f965a06d64 relative=0x00000000000006a4
Event: 16.033 Thread 0x000001f978bd3030 Uncommon trap: reason=class_check action=maybe_recompile pc=0x000001f965a06d64 method=java.util.HashMap.putVal(ILjava/lang/Object;Ljava/lang/Object;ZZ)Ljava/lang/Object; @ 203 c2
Event: 16.033 Thread 0x000001f978bd3030 DEOPT PACKING pc=0x000001f965a06d64 sp=0x000000b3644fe6c0
Event: 16.033 Thread 0x000001f978bd3030 DEOPT UNPACKING pc=0x000001f965266da2 sp=0x000000b3644fe630 mode 2
Event: 16.078 Thread 0x000001f978bd3030 Uncommon trap: trap_request=0xffffff45 fr.pc=0x000001f965bca320 relative=0x0000000000000700
Event: 16.084 Thread 0x000001f978bd3030 Uncommon trap: reason=unstable_if action=reinterpret pc=0x000001f965bca320 method=org.eclipse.jdt.internal.core.builder.ClasspathJar.isPackage(Ljava/lang/String;Ljava/lang/String;)Z @ 36 c2
Event: 16.084 Thread 0x000001f978bd3030 DEOPT PACKING pc=0x000001f965bca320 sp=0x000000b3644fe4e0
Event: 16.084 Thread 0x000001f978bd3030 DEOPT UNPACKING pc=0x000001f965266da2 sp=0x000000b3644fe488 mode 2
Event: 16.091 Thread 0x000001f978bd3030 DEOPT PACKING pc=0x000001f95ea37fe7 sp=0x000000b3644fde10
Event: 16.091 Thread 0x000001f978bd3030 DEOPT UNPACKING pc=0x000001f9652678e2 sp=0x000000b3644fd380 mode 0
Event: 16.117 Thread 0x000001f978bd3030 DEOPT PACKING pc=0x000001f95ea37fe7 sp=0x000000b3644fde10
Event: 16.117 Thread 0x000001f978bd3030 DEOPT UNPACKING pc=0x000001f9652678e2 sp=0x000000b3644fd380 mode 0
Event: 16.160 Thread 0x000001f978bd3030 DEOPT PACKING pc=0x000001f95ea37fe7 sp=0x000000b3644fde10
Event: 16.160 Thread 0x000001f978bd3030 DEOPT UNPACKING pc=0x000001f9652678e2 sp=0x000000b3644fd380 mode 0
Event: 16.401 Thread 0x000001f978bd3030 DEOPT PACKING pc=0x000001f95e63a42b sp=0x000000b3644fdc30
Event: 16.401 Thread 0x000001f978bd3030 DEOPT UNPACKING pc=0x000001f9652678e2 sp=0x000000b3644fd0e8 mode 0

Classes loaded (20 events):
Event: 13.935 Loading class java/util/regex/Pattern$Caret
Event: 13.935 Loading class java/util/regex/Pattern$Caret done
Event: 14.605 Loading class java/util/stream/ReduceOps$4
Event: 14.605 Loading class java/util/stream/ReduceOps$4 done
Event: 14.606 Loading class java/util/stream/ReduceOps$4ReducingSink
Event: 14.606 Loading class java/util/stream/ReduceOps$4ReducingSink done
Event: 14.613 Loading class java/nio/file/Files$2
Event: 14.613 Loading class java/nio/file/Files$2 done
Event: 14.860 Loading class jdk/internal/module/IllegalAccessLogger
Event: 14.860 Loading class jdk/internal/module/IllegalAccessLogger done
Event: 14.899 Loading class java/util/concurrent/ArrayBlockingQueue
Event: 14.901 Loading class java/util/concurrent/ArrayBlockingQueue done
Event: 15.941 Loading class java/util/Hashtable$ValueCollection
Event: 15.941 Loading class java/util/Hashtable$ValueCollection done
Event: 15.945 Loading class java/util/concurrent/ConcurrentHashMap$KeySpliterator
Event: 15.957 Loading class java/util/concurrent/ConcurrentHashMap$KeySpliterator done
Event: 15.989 Loading class sun/nio/ch/ChannelOutputStream
Event: 15.990 Loading class sun/nio/ch/ChannelOutputStream done
Event: 16.322 Loading class jdk/internal/module/IllegalAccessLogger
Event: 16.322 Loading class jdk/internal/module/IllegalAccessLogger done

Classes unloaded (7 events):
Event: 6.261 Thread 0x000001f959153950 Unloading class 0x000001f9011ad400 'java/lang/invoke/LambdaForm$MH+0x000001f9011ad400'
Event: 6.261 Thread 0x000001f959153950 Unloading class 0x000001f9011ad000 'java/lang/invoke/LambdaForm$MH+0x000001f9011ad000'
Event: 6.261 Thread 0x000001f959153950 Unloading class 0x000001f9011acc00 'java/lang/invoke/LambdaForm$MH+0x000001f9011acc00'
Event: 6.261 Thread 0x000001f959153950 Unloading class 0x000001f9011ac800 'java/lang/invoke/LambdaForm$MH+0x000001f9011ac800'
Event: 6.261 Thread 0x000001f959153950 Unloading class 0x000001f9011ac400 'java/lang/invoke/LambdaForm$BMH+0x000001f9011ac400'
Event: 6.261 Thread 0x000001f959153950 Unloading class 0x000001f9011ac000 'java/lang/invoke/LambdaForm$DMH+0x000001f9011ac000'
Event: 6.261 Thread 0x000001f959153950 Unloading class 0x000001f9011aac00 'java/lang/invoke/LambdaForm$DMH+0x000001f9011aac00'

Classes redefined (0 events):
No events

Internal exceptions (20 events):
Event: 10.293 Thread 0x000001f978bd0f60 Implicit null exception at 0x000001f965806676 to 0x000001f965806998
Event: 10.296 Thread 0x000001f978bd0f60 Exception <a 'java/lang/NoSuchMethodError'{0x00000000d6091d60}: 'int java.lang.invoke.Invokers$Holder.linkToTargetMethod(java.lang.Object, java.lang.Object, java.lang.Object)'> (0x00000000d6091d60) 
thrown [s\src\hotspot\share\interpreter\linkResolver.cpp, line 773]
Event: 10.848 Thread 0x000001f97b65d710 Exception <a 'java/io/FileNotFoundException'{0x00000000d5ddc828}> (0x00000000d5ddc828) 
thrown [s\src\hotspot\share\prims\jni.cpp, line 520]
Event: 10.980 Thread 0x000001f97b65d710 Exception <a 'java/lang/IncompatibleClassChangeError'{0x00000000d68317c0}: Found class java.lang.Object, but interface was expected> (0x00000000d68317c0) 
thrown [s\src\hotspot\share\interpreter\linkResolver.cpp, line 840]
Event: 12.450 Thread 0x000001f978bd3030 Exception <a 'java/lang/NoSuchMethodError'{0x00000000d5e6fd08}: 'java.lang.Object java.lang.invoke.DirectMethodHandle$Holder.invokeVirtual(java.lang.Object, java.lang.Object, int)'> (0x00000000d5e6fd08) 
thrown [s\src\hotspot\share\interpreter\linkResolver.cpp, line 773]
Event: 12.621 Thread 0x000001f978bd3030 Exception <a 'sun/nio/fs/WindowsException'{0x00000000d61cf1a0}> (0x00000000d61cf1a0) 
thrown [s\src\hotspot\share\prims\jni.cpp, line 520]
Event: 12.624 Thread 0x000001f973791c30 Exception <a 'sun/nio/fs/WindowsException'{0x00000000d61e4e70}> (0x00000000d61e4e70) 
thrown [s\src\hotspot\share\prims\jni.cpp, line 520]
Event: 13.610 Thread 0x000001f978bd0f60 Exception <a 'sun/nio/fs/WindowsException'{0x00000000d6244a20}> (0x00000000d6244a20) 
thrown [s\src\hotspot\share\prims\jni.cpp, line 520]
Event: 13.611 Thread 0x000001f978bd0f60 Exception <a 'sun/nio/fs/WindowsException'{0x00000000d62453e8}> (0x00000000d62453e8) 
thrown [s\src\hotspot\share\prims\jni.cpp, line 520]
Event: 13.620 Thread 0x000001f978bd0f60 Exception <a 'java/io/FileNotFoundException'{0x00000000d62e3110}> (0x00000000d62e3110) 
thrown [s\src\hotspot\share\prims\jni.cpp, line 520]
Event: 13.620 Thread 0x000001f978bd0f60 Exception <a 'java/io/FileNotFoundException'{0x00000000d62e4270}> (0x00000000d62e4270) 
thrown [s\src\hotspot\share\prims\jni.cpp, line 520]
Event: 13.621 Thread 0x000001f978bd0f60 Exception <a 'java/io/FileNotFoundException'{0x00000000d62e5030}> (0x00000000d62e5030) 
thrown [s\src\hotspot\share\prims\jni.cpp, line 520]
Event: 14.615 Thread 0x000001f978bd3030 Exception <a 'java/lang/NoSuchMethodError'{0x00000000d68cf708}: 'int java.lang.invoke.DirectMethodHandle$Holder.invokeSpecialIFC(java.lang.Object, java.lang.Object, java.lang.Object)'> (0x00000000d68cf708) 
thrown [s\src\hotspot\share\interpreter\linkResolver.cpp, line 773]
Event: 14.636 Thread 0x000001f978bd3030 Implicit null exception at 0x000001f965ba19cf to 0x000001f965ba1b9c
Event: 15.638 Thread 0x000001f973794390 Exception <a 'java/lang/NoSuchMethodError'{0x00000000d5e34b58}: 'void java.lang.invoke.DirectMethodHandle$Holder.invokeStatic(java.lang.Object, int, java.lang.Object)'> (0x00000000d5e34b58) 
thrown [s\src\hotspot\share\interpreter\linkResolver.cpp, line 773]
Event: 15.960 Thread 0x000001f978bd3030 Exception <a 'java/lang/NoSuchMethodError'{0x00000000d5f1eae8}: 'java.lang.Object java.lang.invoke.DirectMethodHandle$Holder.newInvokeSpecial(java.lang.Object, java.lang.Object, int, int, java.lang.Object)'> (0x00000000d5f1eae8) 
thrown [s\src\hotspot\share\interpreter\linkResolver.cpp, line 773]
Event: 16.042 Thread 0x000001f978bd3030 Exception <a 'sun/nio/fs/WindowsException'{0x00000000d60df160}> (0x00000000d60df160) 
thrown [s\src\hotspot\share\prims\jni.cpp, line 520]
Event: 16.043 Thread 0x000001f973793670 Exception <a 'sun/nio/fs/WindowsException'{0x00000000d6124368}> (0x00000000d6124368) 
thrown [s\src\hotspot\share\prims\jni.cpp, line 520]
Event: 16.344 Thread 0x000001f978bd3030 Exception <a 'sun/nio/fs/WindowsException'{0x00000000d589e888}> (0x00000000d589e888) 
thrown [s\src\hotspot\share\prims\jni.cpp, line 520]
Event: 16.344 Thread 0x000001f978bd3030 Exception <a 'sun/nio/fs/WindowsException'{0x00000000d589f278}> (0x00000000d589f278) 
thrown [s\src\hotspot\share\prims\jni.cpp, line 520]

ZGC Phase Switch (0 events):
No events

VM Operations (20 events):
Event: 11.472 Executing safepoint VM operation: ParallelGCFailedAllocation (Allocation Failure)
Event: 11.479 Executing safepoint VM operation: ParallelGCFailedAllocation (Allocation Failure) done
Event: 11.682 Executing safepoint VM operation: ParallelGCFailedAllocation (Allocation Failure)
Event: 11.688 Executing safepoint VM operation: ParallelGCFailedAllocation (Allocation Failure) done
Event: 12.207 Executing safepoint VM operation: ParallelGCFailedAllocation (Allocation Failure)
Event: 12.211 Executing safepoint VM operation: ParallelGCFailedAllocation (Allocation Failure) done
Event: 12.482 Executing non-safepoint VM operation: HandshakeAllThreads (Deoptimize)
Event: 12.482 Executing non-safepoint VM operation: HandshakeAllThreads (Deoptimize) done
Event: 13.077 Executing safepoint VM operation: ParallelGCFailedAllocation (Allocation Failure)
Event: 13.081 Executing safepoint VM operation: ParallelGCFailedAllocation (Allocation Failure) done
Event: 13.849 Executing safepoint VM operation: ParallelGCFailedAllocation (Allocation Failure)
Event: 13.851 Executing safepoint VM operation: ParallelGCFailedAllocation (Allocation Failure) done
Event: 14.637 Executing safepoint VM operation: ParallelGCFailedAllocation (Allocation Failure)
Event: 14.642 Executing safepoint VM operation: ParallelGCFailedAllocation (Allocation Failure) done
Event: 14.954 Executing non-safepoint VM operation: HandshakeAllThreads (Deoptimize)
Event: 14.954 Executing non-safepoint VM operation: HandshakeAllThreads (Deoptimize) done
Event: 15.969 Executing safepoint VM operation: Cleanup
Event: 15.985 Executing safepoint VM operation: Cleanup done
Event: 16.250 Executing safepoint VM operation: ParallelGCFailedAllocation (Allocation Failure)
Event: 16.254 Executing safepoint VM operation: ParallelGCFailedAllocation (Allocation Failure) done

Memory protections (0 events):
No events

Nmethod flushes (20 events):
Event: 8.681 Thread 0x000001f959153950 flushing  nmethod 0x000001f95e369890
Event: 8.681 Thread 0x000001f959153950 flushing  nmethod 0x000001f95e36b710
Event: 8.681 Thread 0x000001f959153950 flushing  nmethod 0x000001f95e36be90
Event: 8.681 Thread 0x000001f959153950 flushing  nmethod 0x000001f95e36d410
Event: 8.681 Thread 0x000001f959153950 flushing  nmethod 0x000001f95e36d910
Event: 8.681 Thread 0x000001f959153950 flushing  nmethod 0x000001f95e36dd10
Event: 8.681 Thread 0x000001f959153950 flushing  nmethod 0x000001f95e36ed10
Event: 8.681 Thread 0x000001f959153950 flushing  nmethod 0x000001f95e372390
Event: 8.681 Thread 0x000001f959153950 flushing  nmethod 0x000001f95e372b90
Event: 8.681 Thread 0x000001f959153950 flushing  nmethod 0x000001f95e373490
Event: 8.681 Thread 0x000001f959153950 flushing  nmethod 0x000001f95e380710
Event: 8.681 Thread 0x000001f959153950 flushing  nmethod 0x000001f95e39de10
Event: 8.681 Thread 0x000001f959153950 flushing  nmethod 0x000001f95e3a9310
Event: 8.681 Thread 0x000001f959153950 flushing  nmethod 0x000001f95e3ade90
Event: 8.681 Thread 0x000001f959153950 flushing  nmethod 0x000001f95e3af210
Event: 8.681 Thread 0x000001f959153950 flushing  nmethod 0x000001f95e406f90
Event: 8.681 Thread 0x000001f959153950 flushing  nmethod 0x000001f95e40b010
Event: 8.681 Thread 0x000001f959153950 flushing  nmethod 0x000001f95e426190
Event: 8.681 Thread 0x000001f959153950 flushing  nmethod 0x000001f95e453010
Event: 8.681 Thread 0x000001f959153950 flushing  nmethod 0x000001f95e472910

Events (20 events):
Event: 12.342 Thread 0x000001f979dcadf0 Thread exited: 0x000001f979dcadf0
Event: 12.347 Thread 0x000001f979ca1f50 Thread exited: 0x000001f979ca1f50
Event: 12.614 Thread 0x000001f971ab9ae0 Thread added: 0x000001f9737ce230
Event: 12.623 Thread 0x000001f978bd3030 Thread added: 0x000001f973791c30
Event: 12.625 Thread 0x000001f973791c30 Thread added: 0x000001f9737922c0
Event: 12.626 Thread 0x000001f973791c30 Thread added: 0x000001f973793670
Event: 12.663 Thread 0x000001f978bd3030 Thread added: 0x000001f973792950
Event: 12.748 Thread 0x000001f971ab9ae0 Thread added: 0x000001f97b0d6670
Event: 13.233 Thread 0x000001f97b0d6670 Thread exited: 0x000001f97b0d6670
Event: 13.237 Thread 0x000001f9737ce230 Thread exited: 0x000001f9737ce230
Event: 13.932 Thread 0x000001f971a92060 Thread added: 0x000001f97d797410
Event: 14.715 Thread 0x000001f97d797410 Thread exited: 0x000001f97d797410
Event: 14.719 Thread 0x000001f971ab9ae0 Thread added: 0x000001f97d797410
Event: 14.902 Thread 0x000001f978bd3030 Thread added: 0x000001f973794390
Event: 15.128 Thread 0x000001f97d797410 Thread exited: 0x000001f97d797410
Event: 15.965 Thread 0x000001f978bd3030 Thread added: 0x000001f973793d00
Event: 16.057 Thread 0x000001f978bd3030 Thread added: 0x000001f973790f10
Event: 16.290 Thread 0x000001f971ab9ae0 Thread added: 0x000001f979d387a0
Event: 16.329 Thread 0x000001f978bd3030 Thread added: 0x000001f973794a20
Event: 16.381 Thread 0x000001f971a92060 Thread added: 0x000001f979e5d2d0


Dynamic libraries:
0x00007ff7e0e10000 - 0x00007ff7e0e1e000 	c:\Users\segun\.antigravity-ide\extensions\redhat.java-1.54.0-win32-x64\jre\21.0.10-win32-x86_64\bin\java.exe
0x00007ffcd0760000 - 0x00007ffcd09c7000 	C:\WINDOWS\SYSTEM32\ntdll.dll
0x00007ffccf070000 - 0x00007ffccf139000 	C:\WINDOWS\System32\KERNEL32.DLL
0x00007ffccded0000 - 0x00007ffcce2c7000 	C:\WINDOWS\System32\KERNELBASE.dll
0x00007ffccd190000 - 0x00007ffccd2db000 	C:\WINDOWS\System32\ucrtbase.dll
0x00007ffc9e360000 - 0x00007ffc9e378000 	c:\Users\segun\.antigravity-ide\extensions\redhat.java-1.54.0-win32-x64\jre\21.0.10-win32-x86_64\bin\jli.dll
0x00007ffcd0550000 - 0x00007ffcd0716000 	C:\WINDOWS\System32\USER32.dll
0x00007ffc9e270000 - 0x00007ffc9e28e000 	c:\Users\segun\.antigravity-ide\extensions\redhat.java-1.54.0-win32-x64\jre\21.0.10-win32-x86_64\bin\VCRUNTIME140.dll
0x00007ffccdea0000 - 0x00007ffccdec7000 	C:\WINDOWS\System32\win32u.dll
0x00007ffcceac0000 - 0x00007ffcceaeb000 	C:\WINDOWS\System32\GDI32.dll
0x00007ffccdcc0000 - 0x00007ffccddec000 	C:\WINDOWS\System32\gdi32full.dll
0x00007ffcb9fb0000 - 0x00007ffcba242000 	C:\WINDOWS\WinSxS\amd64_microsoft.windows.common-controls_6595b64144ccf1df_6.0.26100.8457_none_3e0b2faee331e92d\COMCTL32.dll
0x00007ffccd2e0000 - 0x00007ffccd383000 	C:\WINDOWS\System32\msvcp_win.dll
0x00007ffccfd30000 - 0x00007ffccfdd9000 	C:\WINDOWS\System32\msvcrt.dll
0x00007ffcce4e0000 - 0x00007ffcce512000 	C:\WINDOWS\System32\IMM32.DLL
0x00007ffca2310000 - 0x00007ffca231c000 	c:\Users\segun\.antigravity-ide\extensions\redhat.java-1.54.0-win32-x64\jre\21.0.10-win32-x86_64\bin\vcruntime140_1.dll
0x00007ffc9e1e0000 - 0x00007ffc9e26d000 	c:\Users\segun\.antigravity-ide\extensions\redhat.java-1.54.0-win32-x64\jre\21.0.10-win32-x86_64\bin\msvcp140.dll
0x00007ffc3e680000 - 0x00007ffc3f421000 	c:\Users\segun\.antigravity-ide\extensions\redhat.java-1.54.0-win32-x64\jre\21.0.10-win32-x86_64\bin\server\jvm.dll
0x00007ffcd0270000 - 0x00007ffcd0326000 	C:\WINDOWS\System32\ADVAPI32.dll
0x00007ffcd0330000 - 0x00007ffcd03d7000 	C:\WINDOWS\System32\sechost.dll
0x00007ffcce910000 - 0x00007ffccea28000 	C:\WINDOWS\System32\RPCRT4.dll
0x00007ffccec50000 - 0x00007ffccecd0000 	C:\WINDOWS\System32\WS2_32.dll
0x00007ffcccff0000 - 0x00007ffccd04e000 	C:\WINDOWS\SYSTEM32\POWRPROF.dll
0x00007ffcc0b20000 - 0x00007ffcc0b56000 	C:\WINDOWS\SYSTEM32\WINMM.dll
0x00007ffcc68a0000 - 0x00007ffcc68ab000 	C:\WINDOWS\SYSTEM32\VERSION.dll
0x00007ffcccfd0000 - 0x00007ffcccfe4000 	C:\WINDOWS\SYSTEM32\UMPDC.dll
0x00007ffccbf20000 - 0x00007ffccbf3b000 	C:\WINDOWS\SYSTEM32\kernel.appcore.dll
0x00007ffca2100000 - 0x00007ffca210a000 	c:\Users\segun\.antigravity-ide\extensions\redhat.java-1.54.0-win32-x64\jre\21.0.10-win32-x86_64\bin\jimage.dll
0x00007ffccb340000 - 0x00007ffccb582000 	C:\WINDOWS\SYSTEM32\DBGHELP.DLL
0x00007ffccece0000 - 0x00007ffccf063000 	C:\WINDOWS\System32\combase.dll
0x00007ffccfc30000 - 0x00007ffccfd09000 	C:\WINDOWS\System32\OLEAUT32.dll
0x00007ffcb22c0000 - 0x00007ffcb22fb000 	C:\WINDOWS\SYSTEM32\dbgcore.DLL
0x00007ffccddf0000 - 0x00007ffccde98000 	C:\WINDOWS\System32\bcryptPrimitives.dll
0x00007ffc9e350000 - 0x00007ffc9e35f000 	c:\Users\segun\.antigravity-ide\extensions\redhat.java-1.54.0-win32-x64\jre\21.0.10-win32-x86_64\bin\instrument.dll
0x00007ffc9e0e0000 - 0x00007ffc9e100000 	c:\Users\segun\.antigravity-ide\extensions\redhat.java-1.54.0-win32-x64\jre\21.0.10-win32-x86_64\bin\java.dll
0x00007ffccf320000 - 0x00007ffccfa8e000 	C:\WINDOWS\System32\SHELL32.dll
0x00007ffccd390000 - 0x00007ffccdbfc000 	C:\WINDOWS\System32\windows.storage.dll
0x00007ffcce7e0000 - 0x00007ffcce8d6000 	C:\WINDOWS\System32\SHCORE.dll
0x00007ffcceb70000 - 0x00007ffccebd6000 	C:\WINDOWS\System32\shlwapi.dll
0x00007ffccd0b0000 - 0x00007ffccd0d9000 	C:\WINDOWS\SYSTEM32\profapi.dll
0x00007ffc96040000 - 0x00007ffc96058000 	c:\Users\segun\.antigravity-ide\extensions\redhat.java-1.54.0-win32-x64\jre\21.0.10-win32-x86_64\bin\zip.dll
0x00007ffc96030000 - 0x00007ffc96040000 	C:\Users\segun\.antigravity-ide\extensions\redhat.java-1.54.0-win32-x64\jre\21.0.10-win32-x86_64\bin\net.dll
0x00007ffcc6f10000 - 0x00007ffcc7039000 	C:\WINDOWS\SYSTEM32\WINHTTP.dll
0x00007ffccc490000 - 0x00007ffccc4fc000 	C:\WINDOWS\system32\mswsock.dll
0x00007ffc96010000 - 0x00007ffc96026000 	C:\Users\segun\.antigravity-ide\extensions\redhat.java-1.54.0-win32-x64\jre\21.0.10-win32-x86_64\bin\nio.dll
0x00007ffc96000000 - 0x00007ffc96010000 	c:\Users\segun\.antigravity-ide\extensions\redhat.java-1.54.0-win32-x64\jre\21.0.10-win32-x86_64\bin\verify.dll
0x00007ffc3f670000 - 0x00007ffc3f6b5000 	C:\Users\segun\AppData\Roaming\Antigravity IDE\User\globalStorage\redhat.java\1.54.0\config_win\org.eclipse.equinox.launcher\org.eclipse.equinox.launcher.win32.win32.x86_64_1.3.0.v20260203-2149\eclipse_11919.dll
0x00007ffcce5e0000 - 0x00007ffcce777000 	C:\WINDOWS\System32\ole32.dll
0x00007ffccc780000 - 0x00007ffccc79b000 	C:\WINDOWS\SYSTEM32\CRYPTSP.dll
0x00007ffccbe80000 - 0x00007ffccbeb9000 	C:\WINDOWS\system32\rsaenh.dll
0x00007ffccc540000 - 0x00007ffccc573000 	C:\WINDOWS\SYSTEM32\USERENV.dll
0x00007ffccd080000 - 0x00007ffccd0aa000 	C:\WINDOWS\SYSTEM32\bcrypt.dll
0x00007ffccc770000 - 0x00007ffccc77c000 	C:\WINDOWS\SYSTEM32\CRYPTBASE.dll
0x00007ffccb9c0000 - 0x00007ffccb9f2000 	C:\WINDOWS\SYSTEM32\IPHLPAPI.DLL
0x00007ffccebf0000 - 0x00007ffccebfa000 	C:\WINDOWS\System32\NSI.dll
0x00007ffc020c0000 - 0x00007ffc02109000 	C:\Users\segun\AppData\Local\Temp\jna-109316526\jna9298876033061109229.dll
0x00007ffccfb20000 - 0x00007ffccfb28000 	C:\WINDOWS\System32\PSAPI.DLL
0x00007ffcc70f0000 - 0x00007ffcc710d000 	C:\WINDOWS\SYSTEM32\dhcpcsvc6.DLL
0x00007ffcc70c0000 - 0x00007ffcc70e5000 	C:\WINDOWS\SYSTEM32\dhcpcsvc.DLL

JVMTI agents:
c:\Users\segun\.antigravity-ide\extensions\redhat.java-1.54.0-win32-x64\lombok\lombok-1.18.39-4050.jar path:c:\Users\segun\.antigravity-ide\extensions\redhat.java-1.54.0-win32-x64\jre\21.0.10-win32-x86_64\bin\instrument.dll, loaded, initialized, instrumentlib options:none

dbghelp: loaded successfully - version: 4.0.5 - missing functions: none
symbol engine: initialized successfully - sym options: 0x614 - pdb path: .;c:\Users\segun\.antigravity-ide\extensions\redhat.java-1.54.0-win32-x64\jre\21.0.10-win32-x86_64\bin;C:\WINDOWS\SYSTEM32;C:\WINDOWS\WinSxS\amd64_microsoft.windows.common-controls_6595b64144ccf1df_6.0.26100.8457_none_3e0b2faee331e92d;c:\Users\segun\.antigravity-ide\extensions\redhat.java-1.54.0-win32-x64\jre\21.0.10-win32-x86_64\bin\server;C:\Users\segun\AppData\Roaming\Antigravity IDE\User\globalStorage\redhat.java\1.54.0\config_win\org.eclipse.equinox.launcher\org.eclipse.equinox.launcher.win32.win32.x86_64_1.3.0.v20260203-2149;C:\Users\segun\AppData\Local\Temp\jna-109316526

VM Arguments:
jvm_args: --add-modules=ALL-SYSTEM --add-opens=java.base/java.util=ALL-UNNAMED --add-opens=java.base/java.lang=ALL-UNNAMED --add-opens=java.base/sun.nio.fs=ALL-UNNAMED -Declipse.application=org.eclipse.jdt.ls.core.id1 -Dosgi.bundles.defaultStartLevel=4 -Declipse.product=org.eclipse.jdt.ls.core.product -Djava.import.generatesMetadataFilesAtProjectRoot=false -DDetectVMInstallationsJob.disabled=true -Dfile.encoding=utf8 -XX:+UseParallelGC -XX:GCTimeRatio=4 -XX:AdaptiveSizePolicyWeight=90 -Dsun.zip.disableMemoryMapping=true -Xmx2G -Xms100m -Xlog:disable -javaagent:c:\Users\segun\.antigravity-ide\extensions\redhat.java-1.54.0-win32-x64\lombok\lombok-1.18.39-4050.jar -XX:+HeapDumpOnOutOfMemoryError -XX:HeapDumpPath=c:\Users\segun\AppData\Roaming\Antigravity IDE\User\workspaceStorage\64a9a476eedfd8a6f58341188eee0457\redhat.java -Daether.dependencyCollector.impl=bf 
java_command: c:\Users\segun\.antigravity-ide\extensions\redhat.java-1.54.0-win32-x64\server\plugins\org.eclipse.equinox.launcher_1.7.100.v20251111-0406.jar -configuration c:\Users\segun\AppData\Roaming\Antigravity IDE\User\globalStorage\redhat.java\1.54.0\config_win -data c:\Users\segun\AppData\Roaming\Antigravity IDE\User\workspaceStorage\64a9a476eedfd8a6f58341188eee0457\redhat.java\jdt_ws --pipe=\\.\pipe\lsp-0dbc86dc0502743ccff45d80991ed975-sock
java_class_path (initial): c:\Users\segun\.antigravity-ide\extensions\redhat.java-1.54.0-win32-x64\server\plugins\org.eclipse.equinox.launcher_1.7.100.v20251111-0406.jar
Launcher Type: SUN_STANDARD

[Global flags]
    uintx AdaptiveSizePolicyWeight                 = 90                                        {product} {command line}
     intx CICompilerCount                          = 4                                         {product} {ergonomic}
    uintx GCTimeRatio                              = 4                                         {product} {command line}
     bool HeapDumpOnOutOfMemoryError               = true                                   {manageable} {command line}
    ccstr HeapDumpPath                             = c:\Users\segun\AppData\Roaming\Antigravity IDE\User\workspaceStorage\64a9a476eedfd8a6f58341188eee0457\redhat.java         {manageable} {command line}
   size_t InitialHeapSize                          = 104857600                                 {product} {command line}
   size_t MaxHeapSize                              = 2147483648                                {product} {command line}
   size_t MaxNewSize                               = 715653120                                 {product} {ergonomic}
   size_t MinHeapDeltaBytes                        = 524288                                    {product} {ergonomic}
   size_t MinHeapSize                              = 104857600                                 {product} {command line}
   size_t NewSize                                  = 34603008                                  {product} {ergonomic}
    uintx NonNMethodCodeHeapSize                   = 5839372                                {pd product} {ergonomic}
    uintx NonProfiledCodeHeapSize                  = 122909434                              {pd product} {ergonomic}
   size_t OldSize                                  = 70254592                                  {product} {ergonomic}
    uintx ProfiledCodeHeapSize                     = 122909434                              {pd product} {ergonomic}
    uintx ReservedCodeCacheSize                    = 251658240                              {pd product} {ergonomic}
     bool SegmentedCodeCache                       = true                                      {product} {ergonomic}
   size_t SoftMaxHeapSize                          = 2147483648                             {manageable} {ergonomic}
     bool UseCompressedOops                        = true                           {product lp64_product} {ergonomic}
     bool UseLargePagesIndividualAllocation        = false                                  {pd product} {ergonomic}
     bool UseParallelGC                            = true                                      {product} {command line}

Logging:
Log output configuration:
 #0: stdout all=off uptime,level,tags foldmultilines=false
 #1: stderr all=off uptime,level,tags foldmultilines=false

Release file:
JAVA_VERSION="21.0.10" 
MODULES="java.base java.compiler java.datatransfer java.xml java.prefs java.desktop java.instrument java.logging java.management java.security.sasl java.naming java.rmi java.management.rmi java.net.http java.scripting java.security.jgss java.transaction.xa java.sql java.sql.rowset java.xml.crypto java.se java.smartcardio jdk.accessibility jdk.internal.jvmstat jdk.attach jdk.charsets jdk.internal.opt jdk.zipfs jdk.compiler jdk.crypto.ec jdk.crypto.cryptoki jdk.crypto.mscapi jdk.dynalink jdk.internal.ed jdk.editpad jdk.hotspot.agent jdk.httpserver jdk.internal.le jdk.internal.vm.ci jdk.internal.vm.compiler jdk.internal.vm.compiler.management jdk.jartool jdk.javadoc jdk.jcmd jdk.management jdk.management.agent jdk.jconsole jdk.jdeps jdk.jdwp.agent jdk.jdi jdk.jfr jdk.jshell jdk.jsobject jdk.jstatd jdk.localedata jdk.management.jfr jdk.naming.dns jdk.naming.rmi jdk.net jdk.nio.mapmode jdk.random jdk.sctp jdk.security.auth jdk.security.jgss jdk.unsupported jdk.unsupported.desktop jdk.xml.dom" 

Environment Variables:
JAVA_HOME=C:\Program Files\Eclipse Adoptium\jdk-25.0.3.9-hotspot
PATH=C:\Program Files\Eclipse Adoptium\jdk-25.0.3.9-hotspot\bin;C:\Program Files\Eclipse Adoptium\jdk-17.0.16.8-hotspot\bin;C:\WINDOWS\system32;C:\WINDOWS;C:\WINDOWS\System32\Wbem;C:\WINDOWS\System32\WindowsPowerShell\v1.0\;C:\WINDOWS\System32\OpenSSH\;C:\Program Files\Docker\Docker\resources\bin;C:\Program Files\Git\cmd;C:\Program Files\nodejs\;C:\Users\segun\AppData\Local\Programs\Python;C:\Users\segun\AppData\Local\Programs\Python\Python312\Scripts\;C:\Users\segun\AppData\Local\Programs\Python\Python312\;C:\Users\segun\AppData\Local\Programs\Python\Launcher\;C:\Users\segun\AppData\Local\Microsoft\WindowsApps;C:\Users\segun\AppData\Local\Programs\Microsoft VS Code\bin;C:\Users\segun\AppData\Roaming\npm;C:\Users\Dennis\AppData\Local\Programs\Python\Python314;C:\Users\Dennis\AppData\Local\Programs\Python\Python314\Scripts;C:\Program Files\Apache\apache-maven-3.9.9\bin;C:\Program Files\Microsoft SQL Server\150\Tools\Binn\;C:\Program Files\Microsoft SQL Server\Client SDK\ODBC\170\Tools\Binn\;C:\Program Files (x86)\Microsoft SQL Server\160\Tools\Binn\;C:\Program Files\Microsoft SQL Server\160\Tools\Binn\;C:\Program Files\Microsoft SQL Server\160\DTS\Binn\;C:\Program Files\Microsoft SQL Server\170\DTS\Binn\;C:\src\flutter\bin;C:\Program Files\Android\Android Studio\jbr\bin;C:\Users\segun\AppData\Roaming\npm;C:\Android\cmdline-tools\latest\bin;C:\Program Files (x86);C:\Users\segun\AppData\Local\Android\Sdk\platform-tools;C:\Users\segun\AppData\Local\Android\Sdk\cmdline-tools\latest\bin;C:\Users\segun\AppData\Local\Android\Sdk\cmdline-tools\latest\bin;C:\Users\segun\AppData\Local\Android\Sdk\platform-tools;C:\Users\segun\AppData\Local\Programs\Antigravity\bin;C:\Program Files (x86)\Graphviz\bin;C:\Program Files\dotnet\;C:\Program Files (x86)\Windows Kits\10\Windows Performance Toolkit\;C:\Program Files\Eclipse Adoptium\jdk-25.0.3.9-hotspot\bin;C:\Program Files\Eclipse Adoptium\jdk-17.0.16.8-hotspot\bin;C:\WINDOWS\system32;C:\WINDOWS;C:\WINDOWS\System32\Wbem;C:\WINDOWS\System32\WindowsPowerShell\v1.0\;C:\WINDOWS\System32\OpenSSH\;C:\Program Files\Docker\Docker\resources\bin;C:\Program Files\Git\cmd;C:\Program Files\nodejs\;C:\Users\segun\AppData\Local\Programs\Python;C:\Users\segun\AppData\Local\Programs\Python\Python312\Scripts\;C:\Users\segun\AppData\Local\Programs\Python\Python312\;C:\Users\segun\AppData\Local\Programs\Python\Launcher\;C:\Users\segun\AppData\Local\Microsoft\WindowsApps;C:\Users\segun\AppData\Local\Programs\Microsoft VS Code\bin;C:\Users\segun\AppData\Roaming\npm;C:\Users\Dennis\AppData\Local\Programs\Python\Python314;C:\Users\Dennis\AppData\Local\Programs\Python\Python314\Scripts;C:\Program Files\Apache\apache-maven-3.9.9\bin;C:\Program Files\Microsoft SQL Server\150\Tools\Binn\;C:\Program Files\Microsoft SQL Server\Client SDK\ODBC\170\Tools\Binn\;C:\Program Files (x86)\Microsoft SQL Server\160\Tools\Binn\;C:\Program Files\Microsoft SQL Server\160\Tools\Binn\;C:\Program Files\Microsoft SQL Server\160\DTS\Binn\;C:\Program Files\Microsoft SQL Server\170\DTS\Binn\;C:\src\flutter\bin;C:\Program Files\Android\Android Studio\jbr\bin;C:\Users\segun\AppData\Roaming\npm;C:\Android\cmdline-tools\latest\bin;C:\Program Files (x86);C:\Users\segun\AppData\Local\Android\Sdk\platform-tools;C:\Users\segun\AppData\Local\Android\Sdk\cmdline-tools\latest\bin;C:\Users\segun\AppData\Local\Android\Sdk\cmdline-tools\latest\bin;C:\Users\segun\AppData\Local\Android\Sdk\platform-tools;C:\Users\segun\AppData\Local\Programs\Antigravity\bin;C:\Program Files (x86)\Graphviz\bin;C:\Program Files\dotnet\;C:\Program Files (x86)\Windows Kits\10\Windows Performance Toolkit\;C:\Users\segun\.dotnet\tools;C:\Users\segun\AppData\Local\Programs\Microsoft VS Code\bin;C:\Users\segun\AppData\Local\Programs\Antigravity\bin;C:\Users\segun\AppData\Local\GitHubDesktop\bin;C:\Program Files\JetBrains\IntelliJ IDEA 2026.1.2\bin;C:\Users\segun\AppData\Local\Programs\Antigravity IDE\bin;C:\Users\segun\.dotnet\tools
USERNAME=segun
OS=Windows_NT
PROCESSOR_IDENTIFIER=Intel64 Family 6 Model 140 Stepping 1, GenuineIntel
TMP=C:\Users\segun\AppData\Local\Temp
TEMP=C:\Users\segun\AppData\Local\Temp




Periodic native trim disabled

---------------  S Y S T E M  ---------------

OS:
 Windows 11 , 64 bit Build 26100 (10.0.26100.8328)
OS uptime: 0 days 1:03 hours
Hyper-V role detected

CPU: total 8 (initial active 8) (4 cores per cpu, 2 threads per core) family 6 model 140 stepping 1 microcode 0xbe, cx8, cmov, fxsr, ht, mmx, 3dnowpref, sse, sse2, sse3, ssse3, sse4.1, sse4.2, popcnt, lzcnt, tsc, tscinvbit, avx, avx2, aes, erms, clmul, bmi1, bmi2, adx, avx512f, avx512dq, avx512cd, avx512bw, avx512vl, sha, fma, vzeroupper, avx512_vpopcntdq, avx512_vpclmulqdq, avx512_vaes, avx512_vnni, clflush, clflushopt, clwb, avx512_vbmi2, avx512_vbmi, hv, rdtscp, rdpid, fsrm, gfni, avx512_bitalg, f16c, cet_ibt, cet_ss, avx512_ifma
Processor Information for the first 8 processors :
  Max Mhz: 1382, Current Mhz: 1382, Mhz Limit: 1382

Memory: 4k page, system-wide physical 16126M (603M free)
TotalPageFile size 24600M (AvailPageFile size 0M)
current process WorkingSet (physical memory assigned to process): 252M, peak: 271M
current process commit charge ("private bytes"): 351M, peak: 369M

vm_info: OpenJDK 64-Bit Server VM (21.0.10+7-LTS) for windows-amd64 JRE (21.0.10+7-LTS), built on 2026-01-20T00:00:00Z by "admin" with MS VC++ 17.12 (VS2022)

END.
